<?xml version="1.0" encoding="utf-8"?><testsuites><testsuite name="pytest" errors="0" failures="0" skipped="1" tests="38" time="2.099" timestamp="2025-04-02T06:20:35.195172-04:00" hostname="Omars-Mac-Studio.local"><testcase classname="tests.unit.app.repositories.test_client" name="test_read" time="0.084" /><testcase classname="tests.unit.app.repositories.test_client" name="test_read_all" time="0.077" /><testcase classname="tests.unit.app.repositories.test_client" name="test_create" time="0.077" /><testcase classname="tests.unit.app.repositories.test_client" name="test_update" time="0.099" /><testcase classname="tests.unit.app.repositories.test_client" name="test_update_no_client" time="0.077" /><testcase classname="tests.unit.app.repositories.test_client" name="test_delete" time="0.077" /><testcase classname="tests.unit.app.repositories.test_client" name="test_delete_no_client" time="0.077" /><testcase classname="tests.unit.app.repositories.test_user" name="test_read" time="0.076" /><testcase classname="tests.unit.app.repositories.test_user" name="test_read_by_username" time="0.078" /><testcase classname="tests.unit.app.repositories.test_user" name="test_read_by_email" time="0.077" /><testcase classname="tests.unit.app.repositories.test_user" name="test_read_all" time="0.075" /><testcase classname="tests.unit.app.repositories.test_user" name="test_create" time="0.077" /><testcase classname="tests.unit.app.repositories.test_user" name="test_update" time="0.078" /><testcase classname="tests.unit.app.repositories.test_user" name="test_update_no_user" time="0.077" /><testcase classname="tests.unit.app.repositories.test_user" name="test_delete" time="0.076" /><testcase classname="tests.unit.app.repositories.test_user" name="test_delete_no_user" time="0.078" /><testcase classname="tests.unit.app.services.test_client" name="test_create" time="0.001" /><testcase classname="tests.unit.app.services.test_client" name="test_read" time="0.001" /><testcase classname="tests.unit.app.services.test_client" name="test_update" time="0.001" /><testcase classname="tests.unit.app.services.test_client" name="test_delete" time="0.000" /><testcase classname="tests.unit.app.services.test_user" name="test_create" time="0.001" /><testcase classname="tests.unit.app.services.test_user" name="test_read" time="0.001" /><testcase classname="tests.unit.app.services.test_user" name="test_read_by_username" time="0.001" /><testcase classname="tests.unit.app.services.test_user" name="test_read_by_email" time="0.001" /><testcase classname="tests.unit.app.services.test_user" name="test_read_all" time="0.001" /><testcase classname="tests.unit.app.services.test_user" name="test_update" time="0.001" /><testcase classname="tests.unit.app.services.test_user" name="test_delete[Existing user ID]" time="0.001" /><testcase classname="tests.unit.app.services.test_user" name="test_delete[Non-existing user ID]" time="0.001" /><testcase classname="tests.unit.app.test_dependencies" name="test_get_session" time="0.001" /><testcase classname="tests.unit.app.test_dependencies" name="test_get_client_repository" time="0.001" /><testcase classname="tests.unit.app.test_dependencies" name="test_get_user_repository" time="0.001" /><testcase classname="tests.unit.app.test_dependencies" name="test_get_client_service" time="0.000" /><testcase classname="tests.unit.app.test_dependencies" name="test_get_user_service" time="0.000" /><testcase classname="tests.unit.app.test_utils" name="test_verify_password" time="0.001" /><testcase classname="tests.unit.app.test_utils" name="test_get_password_hash" time="0.001" /><testcase classname="tests.unit.app.test_utils" name="test_create_access_token" time="0.001" /><testcase classname="tests.unit.app.test_utils" name="test_create_access_token_no_expiration" time="0.001" /><testcase classname="tests.unit.test_clients" name="test_create_client" time="0.001"><skipped type="pytest.skip" message="unconditional skip">/Users/omar/src/github.com/ocrosby/authorization-server/tests/unit/test_clients.py:13: unconditional skip</skipped></testcase></testsuite></testsuites>